[      52ms] [INFO] %cDownload the React DevTools for a better development experience: https://reactjs.org/link/react-devtools font-weight:bold @ http://localhost:5173/node_modules/.vite/deps/chunk-WERSD76P.js?v=6ead6801:21550
[      58ms] [WARNING] ⚠️ React Router Future Flag Warning: React Router will begin wrapping state updates in `React.startTransition` in v7. You can use the `v7_startTransition` future flag to opt-in early. For more information, see https://reactrouter.com/v6/upgrading/future#v7_starttransition. @ http://localhost:5173/node_modules/.vite/deps/react-router-dom.js?v=6ead6801:4426
[  417703ms] [ERROR] Warning: Internal React error: Expected static flag was missing. Please notify the React team.%s 
    at SectionBlock (http://localhost:5173/src/components/layout/Sidebar.tsx?t=1780308291654:134:25)
    at nav
    at aside
    at Sidebar (http://localhost:5173/src/components/layout/Sidebar.tsx?t=1780308291654:168:27)
    at div
    at AppShell
    at AuthGuard (http://localhost:5173/src/components/guards/AuthGuard.tsx:21:29)
    at RenderedRoute (http://localhost:5173/node_modules/.vite/deps/react-router-dom.js?v=6ead6801:4122:5)
    at RenderErrorBoundary (http://localhost:5173/node_modules/.vite/deps/react-router-dom.js?v=6ead6801:4082:5)
    at DataRoutes (http://localhost:5173/node_modules/.vite/deps/react-router-dom.js?v=6ead6801:5265:5)
    at Router (http://localhost:5173/node_modules/.vite/deps/react-router-dom.js?v=6ead6801:4535:15)
    at RouterProvider (http://localhost:5173/node_modules/.vite/deps/react-router-dom.js?v=6ead6801:5079:5)
    at Suspense
    at AppRouter
    at AppInner (http://localhost:5173/src/App.tsx?t=1780301230245:35:3)
    at QueryClientProvider (http://localhost:5173/node_modules/.vite/deps/@tanstack_react-query.js?v=6ead6801:3235:3)
    at App (http://localhost:5173/src/App.tsx?t=1780301230245:59:21) @ http://localhost:5173/node_modules/.vite/deps/chunk-WERSD76P.js?v=6ead6801:520
[  417703ms] [ERROR] Warning: Internal React error: Expected static flag was missing. Please notify the React team.%s 
    at SectionBlock (http://localhost:5173/src/components/layout/Sidebar.tsx?t=1780308291654:134:25)
    at nav
    at aside
    at Sidebar (http://localhost:5173/src/components/layout/Sidebar.tsx?t=1780308291654:168:27)
    at div
    at AppShell
    at AuthGuard (http://localhost:5173/src/components/guards/AuthGuard.tsx:21:29)
    at RenderedRoute (http://localhost:5173/node_modules/.vite/deps/react-router-dom.js?v=6ead6801:4122:5)
    at RenderErrorBoundary (http://localhost:5173/node_modules/.vite/deps/react-router-dom.js?v=6ead6801:4082:5)
    at DataRoutes (http://localhost:5173/node_modules/.vite/deps/react-router-dom.js?v=6ead6801:5265:5)
    at Router (http://localhost:5173/node_modules/.vite/deps/react-router-dom.js?v=6ead6801:4535:15)
    at RouterProvider (http://localhost:5173/node_modules/.vite/deps/react-router-dom.js?v=6ead6801:5079:5)
    at Suspense
    at AppRouter
    at AppInner (http://localhost:5173/src/App.tsx?t=1780301230245:35:3)
    at QueryClientProvider (http://localhost:5173/node_modules/.vite/deps/@tanstack_react-query.js?v=6ead6801:3235:3)
    at App (http://localhost:5173/src/App.tsx?t=1780301230245:59:21) @ http://localhost:5173/node_modules/.vite/deps/chunk-WERSD76P.js?v=6ead6801:520
[  417703ms] [ERROR] Warning: Internal React error: Expected static flag was missing. Please notify the React team.%s 
    at SectionBlock (http://localhost:5173/src/components/layout/Sidebar.tsx?t=1780308291654:134:25)
    at nav
    at aside
    at Sidebar (http://localhost:5173/src/components/layout/Sidebar.tsx?t=1780308291654:168:27)
    at div
    at AppShell
    at AuthGuard (http://localhost:5173/src/components/guards/AuthGuard.tsx:21:29)
    at RenderedRoute (http://localhost:5173/node_modules/.vite/deps/react-router-dom.js?v=6ead6801:4122:5)
    at RenderErrorBoundary (http://localhost:5173/node_modules/.vite/deps/react-router-dom.js?v=6ead6801:4082:5)
    at DataRoutes (http://localhost:5173/node_modules/.vite/deps/react-router-dom.js?v=6ead6801:5265:5)
    at Router (http://localhost:5173/node_modules/.vite/deps/react-router-dom.js?v=6ead6801:4535:15)
    at RouterProvider (http://localhost:5173/node_modules/.vite/deps/react-router-dom.js?v=6ead6801:5079:5)
    at Suspense
    at AppRouter
    at AppInner (http://localhost:5173/src/App.tsx?t=1780301230245:35:3)
    at QueryClientProvider (http://localhost:5173/node_modules/.vite/deps/@tanstack_react-query.js?v=6ead6801:3235:3)
    at App (http://localhost:5173/src/App.tsx?t=1780301230245:59:21) @ http://localhost:5173/node_modules/.vite/deps/chunk-WERSD76P.js?v=6ead6801:520
[  417703ms] [ERROR] Warning: Internal React error: Expected static flag was missing. Please notify the React team.%s 
    at SectionBlock (http://localhost:5173/src/components/layout/Sidebar.tsx?t=1780308291654:134:25)
    at nav
    at aside
    at Sidebar (http://localhost:5173/src/components/layout/Sidebar.tsx?t=1780308291654:168:27)
    at div
    at AppShell
    at AuthGuard (http://localhost:5173/src/components/guards/AuthGuard.tsx:21:29)
    at RenderedRoute (http://localhost:5173/node_modules/.vite/deps/react-router-dom.js?v=6ead6801:4122:5)
    at RenderErrorBoundary (http://localhost:5173/node_modules/.vite/deps/react-router-dom.js?v=6ead6801:4082:5)
    at DataRoutes (http://localhost:5173/node_modules/.vite/deps/react-router-dom.js?v=6ead6801:5265:5)
    at Router (http://localhost:5173/node_modules/.vite/deps/react-router-dom.js?v=6ead6801:4535:15)
    at RouterProvider (http://localhost:5173/node_modules/.vite/deps/react-router-dom.js?v=6ead6801:5079:5)
    at Suspense
    at AppRouter
    at AppInner (http://localhost:5173/src/App.tsx?t=1780301230245:35:3)
    at QueryClientProvider (http://localhost:5173/node_modules/.vite/deps/@tanstack_react-query.js?v=6ead6801:3235:3)
    at App (http://localhost:5173/src/App.tsx?t=1780301230245:59:21) @ http://localhost:5173/node_modules/.vite/deps/chunk-WERSD76P.js?v=6ead6801:520
[  417703ms] [ERROR] Warning: Internal React error: Expected static flag was missing. Please notify the React team.%s 
    at SectionBlock (http://localhost:5173/src/components/layout/Sidebar.tsx?t=1780308291654:134:25)
    at nav
    at aside
    at Sidebar (http://localhost:5173/src/components/layout/Sidebar.tsx?t=1780308291654:168:27)
    at div
    at AppShell
    at AuthGuard (http://localhost:5173/src/components/guards/AuthGuard.tsx:21:29)
    at RenderedRoute (http://localhost:5173/node_modules/.vite/deps/react-router-dom.js?v=6ead6801:4122:5)
    at RenderErrorBoundary (http://localhost:5173/node_modules/.vite/deps/react-router-dom.js?v=6ead6801:4082:5)
    at DataRoutes (http://localhost:5173/node_modules/.vite/deps/react-router-dom.js?v=6ead6801:5265:5)
    at Router (http://localhost:5173/node_modules/.vite/deps/react-router-dom.js?v=6ead6801:4535:15)
    at RouterProvider (http://localhost:5173/node_modules/.vite/deps/react-router-dom.js?v=6ead6801:5079:5)
    at Suspense
    at AppRouter
    at AppInner (http://localhost:5173/src/App.tsx?t=1780301230245:35:3)
    at QueryClientProvider (http://localhost:5173/node_modules/.vite/deps/@tanstack_react-query.js?v=6ead6801:3235:3)
    at App (http://localhost:5173/src/App.tsx?t=1780301230245:59:21) @ http://localhost:5173/node_modules/.vite/deps/chunk-WERSD76P.js?v=6ead6801:520
[  417703ms] [ERROR] Warning: Internal React error: Expected static flag was missing. Please notify the React team.%s 
    at SectionBlock (http://localhost:5173/src/components/layout/Sidebar.tsx?t=1780308291654:134:25)
    at nav
    at aside
    at Sidebar (http://localhost:5173/src/components/layout/Sidebar.tsx?t=1780308291654:168:27)
    at div
    at AppShell
    at AuthGuard (http://localhost:5173/src/components/guards/AuthGuard.tsx:21:29)
    at RenderedRoute (http://localhost:5173/node_modules/.vite/deps/react-router-dom.js?v=6ead6801:4122:5)
    at RenderErrorBoundary (http://localhost:5173/node_modules/.vite/deps/react-router-dom.js?v=6ead6801:4082:5)
    at DataRoutes (http://localhost:5173/node_modules/.vite/deps/react-router-dom.js?v=6ead6801:5265:5)
    at Router (http://localhost:5173/node_modules/.vite/deps/react-router-dom.js?v=6ead6801:4535:15)
    at RouterProvider (http://localhost:5173/node_modules/.vite/deps/react-router-dom.js?v=6ead6801:5079:5)
    at Suspense
    at AppRouter
    at AppInner (http://localhost:5173/src/App.tsx?t=1780301230245:35:3)
    at QueryClientProvider (http://localhost:5173/node_modules/.vite/deps/@tanstack_react-query.js?v=6ead6801:3235:3)
    at App (http://localhost:5173/src/App.tsx?t=1780301230245:59:21) @ http://localhost:5173/node_modules/.vite/deps/chunk-WERSD76P.js?v=6ead6801:520
[  417704ms] [ERROR] Warning: Internal React error: Expected static flag was missing. Please notify the React team.%s 
    at SectionBlock (http://localhost:5173/src/components/layout/Sidebar.tsx?t=1780308291654:134:25)
    at nav
    at aside
    at Sidebar (http://localhost:5173/src/components/layout/Sidebar.tsx?t=1780308291654:168:27)
    at div
    at AppShell
    at AuthGuard (http://localhost:5173/src/components/guards/AuthGuard.tsx:21:29)
    at RenderedRoute (http://localhost:5173/node_modules/.vite/deps/react-router-dom.js?v=6ead6801:4122:5)
    at RenderErrorBoundary (http://localhost:5173/node_modules/.vite/deps/react-router-dom.js?v=6ead6801:4082:5)
    at DataRoutes (http://localhost:5173/node_modules/.vite/deps/react-router-dom.js?v=6ead6801:5265:5)
    at Router (http://localhost:5173/node_modules/.vite/deps/react-router-dom.js?v=6ead6801:4535:15)
    at RouterProvider (http://localhost:5173/node_modules/.vite/deps/react-router-dom.js?v=6ead6801:5079:5)
    at Suspense
    at AppRouter
    at AppInner (http://localhost:5173/src/App.tsx?t=1780301230245:35:3)
    at QueryClientProvider (http://localhost:5173/node_modules/.vite/deps/@tanstack_react-query.js?v=6ead6801:3235:3)
    at App (http://localhost:5173/src/App.tsx?t=1780301230245:59:21) @ http://localhost:5173/node_modules/.vite/deps/chunk-WERSD76P.js?v=6ead6801:520
[  417704ms] [ERROR] Warning: Internal React error: Expected static flag was missing. Please notify the React team.%s 
    at SectionBlock (http://localhost:5173/src/components/layout/Sidebar.tsx?t=1780308291654:134:25)
    at nav
    at aside
    at Sidebar (http://localhost:5173/src/components/layout/Sidebar.tsx?t=1780308291654:168:27)
    at div
    at AppShell
    at AuthGuard (http://localhost:5173/src/components/guards/AuthGuard.tsx:21:29)
    at RenderedRoute (http://localhost:5173/node_modules/.vite/deps/react-router-dom.js?v=6ead6801:4122:5)
    at RenderErrorBoundary (http://localhost:5173/node_modules/.vite/deps/react-router-dom.js?v=6ead6801:4082:5)
    at DataRoutes (http://localhost:5173/node_modules/.vite/deps/react-router-dom.js?v=6ead6801:5265:5)
    at Router (http://localhost:5173/node_modules/.vite/deps/react-router-dom.js?v=6ead6801:4535:15)
    at RouterProvider (http://localhost:5173/node_modules/.vite/deps/react-router-dom.js?v=6ead6801:5079:5)
    at Suspense
    at AppRouter
    at AppInner (http://localhost:5173/src/App.tsx?t=1780301230245:35:3)
    at QueryClientProvider (http://localhost:5173/node_modules/.vite/deps/@tanstack_react-query.js?v=6ead6801:3235:3)
    at App (http://localhost:5173/src/App.tsx?t=1780301230245:59:21) @ http://localhost:5173/node_modules/.vite/deps/chunk-WERSD76P.js?v=6ead6801:520
[  417704ms] [ERROR] Warning: Internal React error: Expected static flag was missing. Please notify the React team.%s 
    at SectionBlock (http://localhost:5173/src/components/layout/Sidebar.tsx?t=1780308291654:134:25)
    at nav
    at aside
    at Sidebar (http://localhost:5173/src/components/layout/Sidebar.tsx?t=1780308291654:168:27)
    at div
    at AppShell
    at AuthGuard (http://localhost:5173/src/components/guards/AuthGuard.tsx:21:29)
    at RenderedRoute (http://localhost:5173/node_modules/.vite/deps/react-router-dom.js?v=6ead6801:4122:5)
    at RenderErrorBoundary (http://localhost:5173/node_modules/.vite/deps/react-router-dom.js?v=6ead6801:4082:5)
    at DataRoutes (http://localhost:5173/node_modules/.vite/deps/react-router-dom.js?v=6ead6801:5265:5)
    at Router (http://localhost:5173/node_modules/.vite/deps/react-router-dom.js?v=6ead6801:4535:15)
    at RouterProvider (http://localhost:5173/node_modules/.vite/deps/react-router-dom.js?v=6ead6801:5079:5)
    at Suspense
    at AppRouter
    at AppInner (http://localhost:5173/src/App.tsx?t=1780301230245:35:3)
    at QueryClientProvider (http://localhost:5173/node_modules/.vite/deps/@tanstack_react-query.js?v=6ead6801:3235:3)
    at App (http://localhost:5173/src/App.tsx?t=1780301230245:59:21) @ http://localhost:5173/node_modules/.vite/deps/chunk-WERSD76P.js?v=6ead6801:520
[  417704ms] [ERROR] Warning: Internal React error: Expected static flag was missing. Please notify the React team.%s 
    at SectionBlock (http://localhost:5173/src/components/layout/Sidebar.tsx?t=1780308291654:134:25)
    at nav
    at aside
    at Sidebar (http://localhost:5173/src/components/layout/Sidebar.tsx?t=1780308291654:168:27)
    at div
    at AppShell
    at AuthGuard (http://localhost:5173/src/components/guards/AuthGuard.tsx:21:29)
    at RenderedRoute (http://localhost:5173/node_modules/.vite/deps/react-router-dom.js?v=6ead6801:4122:5)
    at RenderErrorBoundary (http://localhost:5173/node_modules/.vite/deps/react-router-dom.js?v=6ead6801:4082:5)
    at DataRoutes (http://localhost:5173/node_modules/.vite/deps/react-router-dom.js?v=6ead6801:5265:5)
    at Router (http://localhost:5173/node_modules/.vite/deps/react-router-dom.js?v=6ead6801:4535:15)
    at RouterProvider (http://localhost:5173/node_modules/.vite/deps/react-router-dom.js?v=6ead6801:5079:5)
    at Suspense
    at AppRouter
    at AppInner (http://localhost:5173/src/App.tsx?t=1780301230245:35:3)
    at QueryClientProvider (http://localhost:5173/node_modules/.vite/deps/@tanstack_react-query.js?v=6ead6801:3235:3)
    at App (http://localhost:5173/src/App.tsx?t=1780301230245:59:21) @ http://localhost:5173/node_modules/.vite/deps/chunk-WERSD76P.js?v=6ead6801:520
[  417704ms] [ERROR] Warning: Internal React error: Expected static flag was missing. Please notify the React team.%s 
    at SectionBlock (http://localhost:5173/src/components/layout/Sidebar.tsx?t=1780308291654:134:25)
    at nav
    at aside
    at Sidebar (http://localhost:5173/src/components/layout/Sidebar.tsx?t=1780308291654:168:27)
    at div
    at AppShell
    at AuthGuard (http://localhost:5173/src/components/guards/AuthGuard.tsx:21:29)
    at RenderedRoute (http://localhost:5173/node_modules/.vite/deps/react-router-dom.js?v=6ead6801:4122:5)
    at RenderErrorBoundary (http://localhost:5173/node_modules/.vite/deps/react-router-dom.js?v=6ead6801:4082:5)
    at DataRoutes (http://localhost:5173/node_modules/.vite/deps/react-router-dom.js?v=6ead6801:5265:5)
    at Router (http://localhost:5173/node_modules/.vite/deps/react-router-dom.js?v=6ead6801:4535:15)
    at RouterProvider (http://localhost:5173/node_modules/.vite/deps/react-router-dom.js?v=6ead6801:5079:5)
    at Suspense
    at AppRouter
    at AppInner (http://localhost:5173/src/App.tsx?t=1780301230245:35:3)
    at QueryClientProvider (http://localhost:5173/node_modules/.vite/deps/@tanstack_react-query.js?v=6ead6801:3235:3)
    at App (http://localhost:5173/src/App.tsx?t=1780301230245:59:21) @ http://localhost:5173/node_modules/.vite/deps/chunk-WERSD76P.js?v=6ead6801:520
[  417704ms] [ERROR] Warning: Internal React error: Expected static flag was missing. Please notify the React team.%s 
    at SectionBlock (http://localhost:5173/src/components/layout/Sidebar.tsx?t=1780308291654:134:25)
    at nav
    at aside
    at Sidebar (http://localhost:5173/src/components/layout/Sidebar.tsx?t=1780308291654:168:27)
    at div
    at AppShell
    at AuthGuard (http://localhost:5173/src/components/guards/AuthGuard.tsx:21:29)
    at RenderedRoute (http://localhost:5173/node_modules/.vite/deps/react-router-dom.js?v=6ead6801:4122:5)
    at RenderErrorBoundary (http://localhost:5173/node_modules/.vite/deps/react-router-dom.js?v=6ead6801:4082:5)
    at DataRoutes (http://localhost:5173/node_modules/.vite/deps/react-router-dom.js?v=6ead6801:5265:5)
    at Router (http://localhost:5173/node_modules/.vite/deps/react-router-dom.js?v=6ead6801:4535:15)
    at RouterProvider (http://localhost:5173/node_modules/.vite/deps/react-router-dom.js?v=6ead6801:5079:5)
    at Suspense
    at AppRouter
    at AppInner (http://localhost:5173/src/App.tsx?t=1780301230245:35:3)
    at QueryClientProvider (http://localhost:5173/node_modules/.vite/deps/@tanstack_react-query.js?v=6ead6801:3235:3)
    at App (http://localhost:5173/src/App.tsx?t=1780301230245:59:21) @ http://localhost:5173/node_modules/.vite/deps/chunk-WERSD76P.js?v=6ead6801:520
[  417705ms] [ERROR] Warning: Internal React error: Expected static flag was missing. Please notify the React team.%s 
    at SectionBlock (http://localhost:5173/src/components/layout/Sidebar.tsx?t=1780308291654:134:25)
    at nav
    at aside
    at Sidebar (http://localhost:5173/src/components/layout/Sidebar.tsx?t=1780308291654:168:27)
    at div
    at AppShell
    at AuthGuard (http://localhost:5173/src/components/guards/AuthGuard.tsx:21:29)
    at RenderedRoute (http://localhost:5173/node_modules/.vite/deps/react-router-dom.js?v=6ead6801:4122:5)
    at RenderErrorBoundary (http://localhost:5173/node_modules/.vite/deps/react-router-dom.js?v=6ead6801:4082:5)
    at DataRoutes (http://localhost:5173/node_modules/.vite/deps/react-router-dom.js?v=6ead6801:5265:5)
    at Router (http://localhost:5173/node_modules/.vite/deps/react-router-dom.js?v=6ead6801:4535:15)
    at RouterProvider (http://localhost:5173/node_modules/.vite/deps/react-router-dom.js?v=6ead6801:5079:5)
    at Suspense
    at AppRouter
    at AppInner (http://localhost:5173/src/App.tsx?t=1780301230245:35:3)
    at QueryClientProvider (http://localhost:5173/node_modules/.vite/deps/@tanstack_react-query.js?v=6ead6801:3235:3)
    at App (http://localhost:5173/src/App.tsx?t=1780301230245:59:21) @ http://localhost:5173/node_modules/.vite/deps/chunk-WERSD76P.js?v=6ead6801:520
[  417705ms] [ERROR] Warning: Internal React error: Expected static flag was missing. Please notify the React team.%s 
    at SectionBlock (http://localhost:5173/src/components/layout/Sidebar.tsx?t=1780308291654:134:25)
    at nav
    at aside
    at Sidebar (http://localhost:5173/src/components/layout/Sidebar.tsx?t=1780308291654:168:27)
    at div
    at AppShell
    at AuthGuard (http://localhost:5173/src/components/guards/AuthGuard.tsx:21:29)
    at RenderedRoute (http://localhost:5173/node_modules/.vite/deps/react-router-dom.js?v=6ead6801:4122:5)
    at RenderErrorBoundary (http://localhost:5173/node_modules/.vite/deps/react-router-dom.js?v=6ead6801:4082:5)
    at DataRoutes (http://localhost:5173/node_modules/.vite/deps/react-router-dom.js?v=6ead6801:5265:5)
    at Router (http://localhost:5173/node_modules/.vite/deps/react-router-dom.js?v=6ead6801:4535:15)
    at RouterProvider (http://localhost:5173/node_modules/.vite/deps/react-router-dom.js?v=6ead6801:5079:5)
    at Suspense
    at AppRouter
    at AppInner (http://localhost:5173/src/App.tsx?t=1780301230245:35:3)
    at QueryClientProvider (http://localhost:5173/node_modules/.vite/deps/@tanstack_react-query.js?v=6ead6801:3235:3)
    at App (http://localhost:5173/src/App.tsx?t=1780301230245:59:21) @ http://localhost:5173/node_modules/.vite/deps/chunk-WERSD76P.js?v=6ead6801:520
[  417705ms] [ERROR] Warning: Internal React error: Expected static flag was missing. Please notify the React team.%s 
    at SectionBlock (http://localhost:5173/src/components/layout/Sidebar.tsx?t=1780308291654:134:25)
    at nav
    at aside
    at Sidebar (http://localhost:5173/src/components/layout/Sidebar.tsx?t=1780308291654:168:27)
    at div
    at AppShell
    at AuthGuard (http://localhost:5173/src/components/guards/AuthGuard.tsx:21:29)
    at RenderedRoute (http://localhost:5173/node_modules/.vite/deps/react-router-dom.js?v=6ead6801:4122:5)
    at RenderErrorBoundary (http://localhost:5173/node_modules/.vite/deps/react-router-dom.js?v=6ead6801:4082:5)
    at DataRoutes (http://localhost:5173/node_modules/.vite/deps/react-router-dom.js?v=6ead6801:5265:5)
    at Router (http://localhost:5173/node_modules/.vite/deps/react-router-dom.js?v=6ead6801:4535:15)
    at RouterProvider (http://localhost:5173/node_modules/.vite/deps/react-router-dom.js?v=6ead6801:5079:5)
    at Suspense
    at AppRouter
    at AppInner (http://localhost:5173/src/App.tsx?t=1780301230245:35:3)
    at QueryClientProvider (http://localhost:5173/node_modules/.vite/deps/@tanstack_react-query.js?v=6ead6801:3235:3)
    at App (http://localhost:5173/src/App.tsx?t=1780301230245:59:21) @ http://localhost:5173/node_modules/.vite/deps/chunk-WERSD76P.js?v=6ead6801:520
[  417705ms] [ERROR] Warning: Internal React error: Expected static flag was missing. Please notify the React team.%s 
    at SectionBlock (http://localhost:5173/src/components/layout/Sidebar.tsx?t=1780308291654:134:25)
    at nav
    at aside
    at Sidebar (http://localhost:5173/src/components/layout/Sidebar.tsx?t=1780308291654:168:27)
    at div
    at AppShell
    at AuthGuard (http://localhost:5173/src/components/guards/AuthGuard.tsx:21:29)
    at RenderedRoute (http://localhost:5173/node_modules/.vite/deps/react-router-dom.js?v=6ead6801:4122:5)
    at RenderErrorBoundary (http://localhost:5173/node_modules/.vite/deps/react-router-dom.js?v=6ead6801:4082:5)
    at DataRoutes (http://localhost:5173/node_modules/.vite/deps/react-router-dom.js?v=6ead6801:5265:5)
    at Router (http://localhost:5173/node_modules/.vite/deps/react-router-dom.js?v=6ead6801:4535:15)
    at RouterProvider (http://localhost:5173/node_modules/.vite/deps/react-router-dom.js?v=6ead6801:5079:5)
    at Suspense
    at AppRouter
    at AppInner (http://localhost:5173/src/App.tsx?t=1780301230245:35:3)
    at QueryClientProvider (http://localhost:5173/node_modules/.vite/deps/@tanstack_react-query.js?v=6ead6801:3235:3)
    at App (http://localhost:5173/src/App.tsx?t=1780301230245:59:21) @ http://localhost:5173/node_modules/.vite/deps/chunk-WERSD76P.js?v=6ead6801:520
[  417705ms] [ERROR] Warning: Internal React error: Expected static flag was missing. Please notify the React team.%s 
    at SectionBlock (http://localhost:5173/src/components/layout/Sidebar.tsx?t=1780308291654:134:25)
    at nav
    at aside
    at Sidebar (http://localhost:5173/src/components/layout/Sidebar.tsx?t=1780308291654:168:27)
    at div
    at AppShell
    at AuthGuard (http://localhost:5173/src/components/guards/AuthGuard.tsx:21:29)
    at RenderedRoute (http://localhost:5173/node_modules/.vite/deps/react-router-dom.js?v=6ead6801:4122:5)
    at RenderErrorBoundary (http://localhost:5173/node_modules/.vite/deps/react-router-dom.js?v=6ead6801:4082:5)
    at DataRoutes (http://localhost:5173/node_modules/.vite/deps/react-router-dom.js?v=6ead6801:5265:5)
    at Router (http://localhost:5173/node_modules/.vite/deps/react-router-dom.js?v=6ead6801:4535:15)
    at RouterProvider (http://localhost:5173/node_modules/.vite/deps/react-router-dom.js?v=6ead6801:5079:5)
    at Suspense
    at AppRouter
    at AppInner (http://localhost:5173/src/App.tsx?t=1780301230245:35:3)
    at QueryClientProvider (http://localhost:5173/node_modules/.vite/deps/@tanstack_react-query.js?v=6ead6801:3235:3)
    at App (http://localhost:5173/src/App.tsx?t=1780301230245:59:21) @ http://localhost:5173/node_modules/.vite/deps/chunk-WERSD76P.js?v=6ead6801:520
[  417705ms] [ERROR] Warning: Internal React error: Expected static flag was missing. Please notify the React team.%s 
    at SectionBlock (http://localhost:5173/src/components/layout/Sidebar.tsx?t=1780308291654:134:25)
    at nav
    at aside
    at Sidebar (http://localhost:5173/src/components/layout/Sidebar.tsx?t=1780308291654:168:27)
    at div
    at AppShell
    at AuthGuard (http://localhost:5173/src/components/guards/AuthGuard.tsx:21:29)
    at RenderedRoute (http://localhost:5173/node_modules/.vite/deps/react-router-dom.js?v=6ead6801:4122:5)
    at RenderErrorBoundary (http://localhost:5173/node_modules/.vite/deps/react-router-dom.js?v=6ead6801:4082:5)
    at DataRoutes (http://localhost:5173/node_modules/.vite/deps/react-router-dom.js?v=6ead6801:5265:5)
    at Router (http://localhost:5173/node_modules/.vite/deps/react-router-dom.js?v=6ead6801:4535:15)
    at RouterProvider (http://localhost:5173/node_modules/.vite/deps/react-router-dom.js?v=6ead6801:5079:5)
    at Suspense
    at AppRouter
    at AppInner (http://localhost:5173/src/App.tsx?t=1780301230245:35:3)
    at QueryClientProvider (http://localhost:5173/node_modules/.vite/deps/@tanstack_react-query.js?v=6ead6801:3235:3)
    at App (http://localhost:5173/src/App.tsx?t=1780301230245:59:21) @ http://localhost:5173/node_modules/.vite/deps/chunk-WERSD76P.js?v=6ead6801:520
[  496403ms] [ERROR] Failed to load resource: the server responded with a status of 404 (Not Found) @ http://localhost:5173/api/v1/attendance/EMP-0001/2026-06-01:0
[  497854ms] [ERROR] Failed to load resource: the server responded with a status of 403 (Forbidden) @ http://localhost:5173/api/v1/companies?limit=50:0
[  498871ms] [ERROR] Failed to load resource: the server responded with a status of 403 (Forbidden) @ http://localhost:5173/api/v1/companies?limit=50:0
[  915756ms] [ERROR] Failed to load resource: the server responded with a status of 401 (Unauthorized) @ http://localhost:5173/api/v1/notifications/unread-count:0
[  915760ms] [ERROR] Failed to load resource: the server responded with a status of 401 (Unauthorized) @ http://localhost:5173/api/v1/auth/refresh:0
[  915906ms] [INFO] %cDownload the React DevTools for a better development experience: https://reactjs.org/link/react-devtools font-weight:bold @ http://localhost:5173/node_modules/.vite/deps/chunk-WERSD76P.js?v=6ead6801:21550
[  915912ms] [WARNING] ⚠️ React Router Future Flag Warning: React Router will begin wrapping state updates in `React.startTransition` in v7. You can use the `v7_startTransition` future flag to opt-in early. For more information, see https://reactrouter.com/v6/upgrading/future#v7_starttransition. @ http://localhost:5173/node_modules/.vite/deps/react-router-dom.js?v=6ead6801:4426
[  915918ms] [ERROR] Failed to load resource: the server responded with a status of 401 (Unauthorized) @ http://localhost:5173/api/v1/auth/me:0
[  915921ms] [ERROR] Failed to load resource: the server responded with a status of 401 (Unauthorized) @ http://localhost:5173/api/v1/auth/me:0
[  915923ms] [ERROR] Failed to load resource: the server responded with a status of 401 (Unauthorized) @ http://localhost:5173/api/v1/auth/refresh:0
[ 1128407ms] [LOG] [vite] server connection lost. Polling for restart... @ http://localhost:5173/@vite/client:559
[ 1128411ms] [ERROR] Failed to load resource: net::ERR_CONNECTION_REFUSED @ http://localhost:5173/:0
[ 1129797ms] [INFO] %cDownload the React DevTools for a better development experience: https://reactjs.org/link/react-devtools font-weight:bold @ http://localhost:5173/node_modules/.vite/deps/chunk-WERSD76P.js?v=6ead6801:21550
[ 1129802ms] [WARNING] ⚠️ React Router Future Flag Warning: React Router will begin wrapping state updates in `React.startTransition` in v7. You can use the `v7_startTransition` future flag to opt-in early. For more information, see https://reactrouter.com/v6/upgrading/future#v7_starttransition. @ http://localhost:5173/node_modules/.vite/deps/react-router-dom.js?v=6ead6801:4426
[ 1129811ms] [ERROR] Failed to load resource: the server responded with a status of 401 (Unauthorized) @ http://localhost:5173/api/v1/auth/me:0
[ 1129815ms] [ERROR] Failed to load resource: the server responded with a status of 401 (Unauthorized) @ http://localhost:5173/api/v1/auth/me:0
[ 1129818ms] [ERROR] Failed to load resource: the server responded with a status of 401 (Unauthorized) @ http://localhost:5173/api/v1/auth/refresh:0
